<?xml version="1.0" encoding="UTF-8"?>
<!-- Generated by org.testng.reporters.JUnitReportReporter -->
<testsuite hostname="LAPTOP-84D7O3F5" failures="0" tests="2" name="com.testcases.RequestBookTest" time="12.348" errors="0" timestamp="2022-08-17T10:01:04 IST" skipped="0">
  <testcase classname="com.testcases.RequestBookTest" name="requestBookTitleTest" time="6.635"/>
  <system-out/>
  <testcase classname="com.testcases.RequestBookTest" name="Request_a_BookTest" time="5.713"/>
  <system-out/>
</testsuite> <!-- com.testcases.RequestBookTest -->
