<?xml version="1.0" encoding="UTF-8"?>
<!-- Generated by org.testng.reporters.JUnitReportReporter -->
<testsuite hostname="LAPTOP-84D7O3F5" failures="0" tests="2" name="com.testcases.ChangePasswordTest" time="9.155" errors="0" timestamp="2022-08-17T10:01:04 IST" skipped="0">
  <testcase classname="com.testcases.ChangePasswordTest" name="changePasswordTitleTest" time="4.004"/>
  <system-out/>
  <testcase classname="com.testcases.ChangePasswordTest" name="changePasswordofbooksawagonwithNewPassword" time="5.151"/>
  <system-out/>
</testsuite> <!-- com.testcases.ChangePasswordTest -->
