<?xml version="1.0" encoding="UTF-8"?>
<!-- Generated by org.testng.reporters.JUnitReportReporter -->
<testsuite hostname="LAPTOP-84D7O3F5" failures="0" tests="2" name="com.testcases.HomePageTest" time="12.677" errors="0" timestamp="2022-08-17T10:01:04 IST" skipped="0">
  <testcase classname="com.testcases.HomePageTest" name="HomePageTitleTest" time="7.689"/>
  <system-out/>
  <testcase classname="com.testcases.HomePageTest" name="verifyUserNameTest" time="4.988"/>
  <system-out/>
</testsuite> <!-- com.testcases.HomePageTest -->
