<?xml version="1.0" encoding="UTF-8"?>
<!-- Generated by org.testng.reporters.JUnitReportReporter -->
<testsuite hostname="LAPTOP-84D7O3F5" failures="0" tests="5" name="com.testcases.LoginPageTest" time="66.286" errors="0" timestamp="2022-08-17T10:01:04 IST" skipped="0">
  <testcase classname="com.testcases.LoginPageTest" name="multipleLoginTest" time="12.949"/>
  <system-out/>
  <testcase classname="com.testcases.LoginPageTest" name="multipleLoginTest" time="10.895"/>
  <system-out/>
  <testcase classname="com.testcases.LoginPageTest" name="multipleLoginTest" time="28.637"/>
  <system-out/>
  <testcase classname="com.testcases.LoginPageTest" name="loginPageTitleTest" time="5.654"/>
  <system-out/>
  <testcase classname="com.testcases.LoginPageTest" name="loginTest" time="8.151"/>
  <system-out/>
</testsuite> <!-- com.testcases.LoginPageTest -->
