<?xml version="1.0" encoding="UTF-8"?>
<!-- Generated by org.testng.reporters.JUnitReportReporter -->
<testsuite hostname="LAPTOP-84D7O3F5" failures="0" tests="1" name="com.testcases.SearchTestPage" time="10.193" errors="0" timestamp="2022-08-17T10:01:04 IST" skipped="0">
  <testcase classname="com.testcases.SearchTestPage" name="verifySearchPageTest" time="10.193"/>
  <system-out/>
</testsuite> <!-- com.testcases.SearchTestPage -->
